<?xml version="1.0" encoding="UTF-8"?>
<testsuite xmlns:xsi="http://www.w3.org/2001/XMLSchema-instance" xsi:noNamespaceSchemaLocation="https://maven.apache.org/surefire/maven-surefire-plugin/xsd/surefire-test-report-3.0.xsd" version="3.0" name="TestSuite" time="1.896" tests="20" errors="0" skipped="4" failures="4">
  <properties>
[...]
</properties>
  <testcase name="meth1" classname="com.rippon.Class2Test" time="0.004"/>
  <testcase name="meth1" classname="com.rippon.Class2Test" time="0.003"/>
  <testcase name="meth1" classname="com.rippon.Class2Test" time="0.009"/>
  <testcase name="meth1" classname="com.rippon.Class2Test" time="0.002"/>
  <testcase name="meth2" classname="com.rippon.Class1Test" time="0.005"/>
  <testcase name="meth2" classname="com.rippon.Class1Test" time="0"/>
  <testcase name="meth2" classname="com.rippon.Class1Test" time="0.009"/>
  <testcase name="meth2" classname="com.rippon.Class1Test" time="0.001"/>
  <testcase name="meth3" classname="com.rippon.Class1Test" time="0.012">
    <failure message="expected [true] but found [false]" type="java.lang.AssertionError">java.lang.AssertionError: expected [true] but found [false]
	at com.rippon.Class1Test.meth3(Class1Test.java:17)
</failure>
    <system-out><![CDATA[****meth3
]]></system-out>
  </testcase>
  <testcase name="meth3" classname="com.rippon.Class1Test" time="0.012">
    <failure message="expected [true] but found [false]" type="java.lang.AssertionError">java.lang.AssertionError: expected [true] but found [false]
	at com.rippon.Class1Test.meth3(Class1Test.java:17)
</failure>
  </testcase>
  <testcase name="meth3" classname="com.rippon.Class1Test" time="0">
    <failure message="expected [true] but found [false]" type="java.lang.AssertionError">java.lang.AssertionError: expected [true] but found [false]
	at com.rippon.Class1Test.meth3(Class1Test.java:17)
</failure>
    <system-out><![CDATA[****meth3
]]></system-out>
  </testcase>
  <testcase name="meth3" classname="com.rippon.Class1Test" time="0">
    <failure message="expected [true] but found [false]" type="java.lang.AssertionError">java.lang.AssertionError: expected [true] but found [false]
	at com.rippon.Class1Test.meth3(Class1Test.java:17)
</failure>
    <system-out><![CDATA[****meth3
]]></system-out>
  </testcase>
  <testcase name="meth4" classname="com.rippon.Class1Test" time="0.001"/>
  <testcase name="meth4" classname="com.rippon.Class1Test" time="0"/>
  <testcase name="meth4" classname="com.rippon.Class1Test" time="0"/>
  <testcase name="meth4" classname="com.rippon.Class1Test" time="0"/>
  <testcase name="skipTest" classname="com.rippon.Class1Test" time="0">
    <skipped message="Skipping - This is not ready for testing "/>
    <system-out><![CDATA[****skipTest
]]></system-out>
  </testcase>
  <testcase name="skipTest" classname="com.rippon.Class1Test" time="0">
    <skipped message="Skipping - This is not ready for testing "/>
    <system-out><![CDATA[****skipTest
]]></system-out>
  </testcase>
  <testcase name="skipTest" classname="com.rippon.Class1Test" time="0">
    <skipped message="Skipping - This is not ready for testing "/>
    <system-out><![CDATA[****skipTest
]]></system-out>
  </testcase>
  <testcase name="skipTest" classname="com.rippon.Class1Test" time="0">
    <skipped message="Skipping - This is not ready for testing "/>
    <system-out><![CDATA[****skipTest
]]></system-out>
  </testcase>
</testsuite>